<?xml version="1.0" encoding="UTF-8"?>
<!-- Generated by org.testng.reporters.JUnitXMLReporter -->
<testsuite hostname="sakib" name="Complete NewTours Site Test" tests="3" failures="0" timestamp="26 Jul 2017 16:01:38 GMT" time="34.866" errors="0">
  <testcase name="SelectFlightTest" time="29.234" classname="cstech.com.Testngtest.Test.BookFlight"/>
  <testcase name="waitforpageload3" time="0.029" classname="cstech.com.Testngtest.Test.BookFlight"/>
  <testcase name="BookFlight2" time="5.542" classname="cstech.com.Testngtest.Test.BookFlight"/>
</testsuite> <!-- Complete NewTours Site Test -->
